<?xml version="1.0" encoding="UTF-8"?>
<!-- Generated by org.testng.reporters.JUnitReportReporter -->
<testsuite hostname="SV-PC" failures="0" tests="5" name="com.test.qa.main.TestRunner" time="163.311" errors="0" timestamp="2024-01-01T00:29:48 IST" skipped="0">
  <testcase classname="com.test.qa.main.TestRunner" name="runScenario" time="25.768"/>
  <testcase classname="com.test.qa.main.TestRunner" name="runScenario" time="32.320"/>
  <testcase classname="com.test.qa.main.TestRunner" name="runScenario" time="24.736"/>
  <testcase classname="com.test.qa.main.TestRunner" name="runScenario" time="31.535"/>
  <testcase classname="com.test.qa.main.TestRunner" name="runScenario" time="48.952"/>
</testsuite> <!-- com.test.qa.main.TestRunner -->
