<?xml version="1.0" encoding="UTF-8"?>
<!-- Generated by org.testng.reporters.JUnitReportReporter -->
<testsuite hostname="SV-PC" failures="0" tests="1" name="com.test.qa.main.TestRunner" time="105.099" errors="0" timestamp="2023-12-28T23:40:04 IST" skipped="0">
  <testcase classname="com.test.qa.main.TestRunner" name="runScenario" time="105.099"/>
</testsuite> <!-- com.test.qa.main.TestRunner -->
